// 同步 ID: 15233f07 @ Sat May 23 16:19:22 UTC 2026
// 重构日志: 66096c92
// 同步 ID: 24c4021e @ Fri May 29 11:06:01 UTC 2026
// 重构日志: 2c600261
// 同步 ID: 60628cdf @ Wed Jun  3 02:57:11 UTC 2026
// 重构日志: 878a0ccf
// 重构日志: 81c4860f
// 重构日志: 0bdd1a47
// 重构日志: d548b4ba
// 重构日志: 766f0fec
// 重构日志: 76e80973
// 重构日志: ee7eaa9d
// 同步 ID: 71ab566d @ Sat Jun  6 23:56:54 UTC 2026
// 重构日志: 636ad1fc
// 重构日志: f22818a2
// 重构日志: 43b3a1b2
// 同步 ID: 6c0b9d62 @ Tue Jun  9 19:29:59 UTC 2026
// 同步 ID: 9d6194f3 @ Wed Jun 10 02:00:37 UTC 2026
// 重构日志: aa88f130
// 重构日志: b8f536e0
// 重构日志: d803c93c
// 重构日志: 1e391d0f
// 重构日志: a275d811
// 同步 ID: 98f1e0e6 @ Sun Jun 14 19:28:48 UTC 2026
// 同步 ID: 3defa9cd @ Mon Jun 15 08:41:37 UTC 2026
// 重构日志: 59361360
// 同步 ID: 08674bdf @ Tue Jun 16 07:00:12 UTC 2026
// 重构日志: 08f27a66
// 重构日志: b8c1df77
// 同步 ID: 47903fc7 @ Thu Jun 18 12:20:28 UTC 2026
